# JRE version: Java(TM) SE Runtime Environment (8.0_73-b02) (build 1.8.0_73-b02)
# Java VM: Java HotSpot(TM) 64-Bit Server VM (25.73-b02 mixed mode windows-amd64 compressed oops)
Heap:
 PSYoungGen      total 76288K, used 6928K [0x000000076af00000, 0x0000000774400000, 0x00000007c0000000)
  eden space 65536K, 10% used [0x000000076af00000,0x000000076b5c42c0,0x000000076ef00000)
  from space 10752K, 0% used [0x000000076f980000,0x000000076f980000,0x0000000770400000)
  to   space 10752K, 0% used [0x000000076ef00000,0x000000076ef00000,0x000000076f980000)
 ParOldGen       total 130048K, used 23775K [0x00000006c0c00000, 0x00000006c8b00000, 0x000000076af00000)
  object space 130048K, 18% used [0x00000006c0c00000,0x00000006c2337ef0,0x00000006c8b00000)
 Metaspace       used 21873K, capacity 22150K, committed 22528K, reserved 1069056K
  class space    used 2864K, capacity 2948K, committed 3072K, reserved 1048576K
GC Heap History (6 events):
Event: 2.425 GC heap before
{Heap before GC invocations=1 (full 0):
 PSYoungGen      total 76288K, used 65536K [0x000000076af00000, 0x0000000770400000, 0x00000007c0000000)
  eden space 65536K, 100% used [0x000000076af00000,0x000000076ef00000,0x000000076ef00000)
  from space 10752K, 0% used [0x000000076f980000,0x000000076f980000,0x0000000770400000)
  to   space 10752K, 0% used [0x000000076ef00000,0x000000076ef00000,0x000000076f980000)
 ParOldGen       total 175104K, used 0K [0x00000006c0c00000, 0x00000006cb700000, 0x000000076af00000)
  object space 175104K, 0% used [0x00000006c0c00000,0x00000006c0c00000,0x00000006cb700000)
 Metaspace       used 19878K, capacity 20130K, committed 20352K, reserved 1067008K
  class space    used 2579K, capacity 2662K, committed 2688K, reserved 1048576K
Event: 2.432 GC heap after
Heap after GC invocations=1 (full 0):
 PSYoungGen      total 76288K, used 10737K [0x000000076af00000, 0x0000000770400000, 0x00000007c0000000)
  eden space 65536K, 0% used [0x000000076af00000,0x000000076af00000,0x000000076ef00000)
  from space 10752K, 99% used [0x000000076ef00000,0x000000076f97c5b0,0x000000076f980000)
  to   space 10752K, 0% used [0x000000076f980000,0x000000076f980000,0x0000000770400000)
 ParOldGen       total 175104K, used 5358K [0x00000006c0c00000, 0x00000006cb700000, 0x000000076af00000)
  object space 175104K, 3% used [0x00000006c0c00000,0x00000006c113b8e8,0x00000006cb700000)
 Metaspace       used 19878K, capacity 20130K, committed 20352K, reserved 1067008K
  class space    used 2579K, capacity 2662K, committed 2688K, reserved 1048576K
}
Event: 2.688 GC heap before
{Heap before GC invocations=2 (full 0):
 PSYoungGen      total 76288K, used 42218K [0x000000076af00000, 0x0000000770400000, 0x00000007c0000000)
  eden space 65536K, 48% used [0x000000076af00000,0x000000076cdbe450,0x000000076ef00000)
  from space 10752K, 99% used [0x000000076ef00000,0x000000076f97c5b0,0x000000076f980000)
  to   space 10752K, 0% used [0x000000076f980000,0x000000076f980000,0x0000000770400000)
 ParOldGen       total 175104K, used 5358K [0x00000006c0c00000, 0x00000006cb700000, 0x000000076af00000)
  object space 175104K, 3% used [0x00000006c0c00000,0x00000006c113b8e8,0x00000006cb700000)
 Metaspace       used 20887K, capacity 21148K, committed 21248K, reserved 1067008K
  class space    used 2705K, capacity 2803K, committed 2816K, reserved 1048576K
Event: 2.694 GC heap after
Heap after GC invocations=2 (full 0):
 PSYoungGen      total 76288K, used 10732K [0x000000076af00000, 0x0000000774400000, 0x00000007c0000000)
  eden space 65536K, 0% used [0x000000076af00000,0x000000076af00000,0x000000076ef00000)
  from space 10752K, 99% used [0x000000076f980000,0x00000007703fb100,0x0000000770400000)
  to   space 10752K, 0% used [0x000000076ef00000,0x000000076ef00000,0x000000076f980000)
 ParOldGen       total 175104K, used 17912K [0x00000006c0c00000, 0x00000006cb700000, 0x000000076af00000)
  object space 175104K, 10% used [0x00000006c0c00000,0x00000006c1d7e3b8,0x00000006cb700000)
 Metaspace       used 20887K, capacity 21148K, committed 21248K, reserved 1067008K
  class space    used 2705K, capacity 2803K, committed 2816K, reserved 1048576K
}
Event: 2.694 GC heap before
{Heap before GC invocations=3 (full 1):
 PSYoungGen      total 76288K, used 10732K [0x000000076af00000, 0x0000000774400000, 0x00000007c0000000)
  eden space 65536K, 0% used [0x000000076af00000,0x000000076af00000,0x000000076ef00000)
  from space 10752K, 99% used [0x000000076f980000,0x00000007703fb100,0x0000000770400000)
  to   space 10752K, 0% used [0x000000076ef00000,0x000000076ef00000,0x000000076f980000)
 ParOldGen       total 175104K, used 17912K [0x00000006c0c00000, 0x00000006cb700000, 0x000000076af00000)
  object space 175104K, 10% used [0x00000006c0c00000,0x00000006c1d7e3b8,0x00000006cb700000)
 Metaspace       used 20887K, capacity 21148K, committed 21248K, reserved 1067008K
  class space    used 2705K, capacity 2803K, committed 2816K, reserved 1048576K
Event: 2.718 GC heap after
Heap after GC invocations=3 (full 1):
 PSYoungGen      total 76288K, used 0K [0x000000076af00000, 0x0000000774400000, 0x00000007c0000000)
  eden space 65536K, 0% used [0x000000076af00000,0x000000076af00000,0x000000076ef00000)
  from space 10752K, 0% used [0x000000076f980000,0x000000076f980000,0x0000000770400000)
  to   space 10752K, 0% used [0x000000076ef00000,0x000000076ef00000,0x000000076f980000)
 ParOldGen       total 130048K, used 23775K [0x00000006c0c00000, 0x00000006c8b00000, 0x000000076af00000)
  object space 130048K, 18% used [0x00000006c0c00000,0x00000006c2337ef0,0x00000006c8b00000)
 Metaspace       used 20887K, capacity 21148K, committed 21248K, reserved 1067008K
  class space    used 2705K, capacity 2803K, committed 2816K, reserved 1048576K
}

